<?xml version="1.0" encoding="UTF-8"?>
<testsuite xmlns:xsi="http://www.w3.org/2001/XMLSchema-instance" xsi:noNamespaceSchemaLocation="https://maven.apache.org/surefire/maven-surefire-plugin/xsd/surefire-test-report.xsd" name="de.lkrnrw.testingkotlinwithspring.MyAppTest" time="6.341" tests="1" errors="0" skipped="0" failures="0">
  <properties>
    <property name="sun.desktop" value="windows"/>
    <property name="awt.toolkit" value="sun.awt.windows.WToolkit"/>
    <property name="file.encoding.pkg" value="sun.io"/>
    <property name="java.specification.version" value="1.8"/>
    <property name="sun.cpu.isalist" value="amd64"/>
    <property name="sun.jnu.encoding" value="Cp1252"/>
    <property name="java.class.path" value="P:\Projects\Testing-Kotlin-with-Spring\Simple-REST-Server-App\target\test-classes;P:\Projects\Testing-Kotlin-with-Spring\Simple-REST-Server-App\target\classes;P:\.m2\repository\org\springframework\boot\spring-boot-starter-data-jdbc\2.5.2\spring-boot-starter-data-jdbc-2.5.2.jar;P:\.m2\repository\org\springframework\boot\spring-boot-starter-jdbc\2.5.2\spring-boot-starter-jdbc-2.5.2.jar;P:\.m2\repository\com\zaxxer\HikariCP\4.0.3\HikariCP-4.0.3.jar;P:\.m2\repository\org\springframework\spring-jdbc\5.3.8\spring-jdbc-5.3.8.jar;P:\.m2\repository\org\springframework\data\spring-data-jdbc\2.2.2\spring-data-jdbc-2.2.2.jar;P:\.m2\repository\org\springframework\data\spring-data-relational\2.2.2\spring-data-relational-2.2.2.jar;P:\.m2\repository\org\springframework\data\spring-data-commons\2.5.2\spring-data-commons-2.5.2.jar;P:\.m2\repository\org\springframework\spring-tx\5.3.8\spring-tx-5.3.8.jar;P:\.m2\repository\org\springframework\spring-context\5.3.8\spring-context-5.3.8.jar;P:\.m2\repository\org\springframework\spring-beans\5.3.8\spring-beans-5.3.8.jar;P:\.m2\repository\org\slf4j\slf4j-api\1.7.31\slf4j-api-1.7.31.jar;P:\.m2\repository\org\springframework\boot\spring-boot-starter-web\2.5.2\spring-boot-starter-web-2.5.2.jar;P:\.m2\repository\org\springframework\boot\spring-boot-starter\2.5.2\spring-boot-starter-2.5.2.jar;P:\.m2\repository\org\springframework\boot\spring-boot\2.5.2\spring-boot-2.5.2.jar;P:\.m2\repository\org\springframework\boot\spring-boot-autoconfigure\2.5.2\spring-boot-autoconfigure-2.5.2.jar;P:\.m2\repository\org\springframework\boot\spring-boot-starter-logging\2.5.2\spring-boot-starter-logging-2.5.2.jar;P:\.m2\repository\ch\qos\logback\logback-classic\1.2.3\logback-classic-1.2.3.jar;P:\.m2\repository\ch\qos\logback\logback-core\1.2.3\logback-core-1.2.3.jar;P:\.m2\repository\org\apache\logging\log4j\log4j-to-slf4j\2.14.1\log4j-to-slf4j-2.14.1.jar;P:\.m2\repository\org\apache\logging\log4j\log4j-api\2.14.1\log4j-api-2.14.1.jar;P:\.m2\repository\org\slf4j\jul-to-slf4j\1.7.31\jul-to-slf4j-1.7.31.jar;P:\.m2\repository\jakarta\annotation\jakarta.annotation-api\1.3.5\jakarta.annotation-api-1.3.5.jar;P:\.m2\repository\org\yaml\snakeyaml\1.28\snakeyaml-1.28.jar;P:\.m2\repository\org\springframework\boot\spring-boot-starter-json\2.5.2\spring-boot-starter-json-2.5.2.jar;P:\.m2\repository\com\fasterxml\jackson\datatype\jackson-datatype-jdk8\2.12.3\jackson-datatype-jdk8-2.12.3.jar;P:\.m2\repository\com\fasterxml\jackson\datatype\jackson-datatype-jsr310\2.12.3\jackson-datatype-jsr310-2.12.3.jar;P:\.m2\repository\com\fasterxml\jackson\module\jackson-module-parameter-names\2.12.3\jackson-module-parameter-names-2.12.3.jar;P:\.m2\repository\org\springframework\boot\spring-boot-starter-tomcat\2.5.2\spring-boot-starter-tomcat-2.5.2.jar;P:\.m2\repository\org\apache\tomcat\embed\tomcat-embed-core\9.0.48\tomcat-embed-core-9.0.48.jar;P:\.m2\repository\org\apache\tomcat\embed\tomcat-embed-el\9.0.48\tomcat-embed-el-9.0.48.jar;P:\.m2\repository\org\apache\tomcat\embed\tomcat-embed-websocket\9.0.48\tomcat-embed-websocket-9.0.48.jar;P:\.m2\repository\org\springframework\spring-web\5.3.8\spring-web-5.3.8.jar;P:\.m2\repository\org\springframework\spring-webmvc\5.3.8\spring-webmvc-5.3.8.jar;P:\.m2\repository\org\springframework\spring-aop\5.3.8\spring-aop-5.3.8.jar;P:\.m2\repository\org\springframework\spring-expression\5.3.8\spring-expression-5.3.8.jar;P:\.m2\repository\com\fasterxml\jackson\module\jackson-module-kotlin\2.12.3\jackson-module-kotlin-2.12.3.jar;P:\.m2\repository\com\fasterxml\jackson\core\jackson-databind\2.12.3\jackson-databind-2.12.3.jar;P:\.m2\repository\com\fasterxml\jackson\core\jackson-core\2.12.3\jackson-core-2.12.3.jar;P:\.m2\repository\com\fasterxml\jackson\core\jackson-annotations\2.12.3\jackson-annotations-2.12.3.jar;P:\.m2\repository\org\jetbrains\kotlin\kotlin-reflect\1.5.20\kotlin-reflect-1.5.20.jar;P:\.m2\repository\org\jetbrains\kotlin\kotlin-stdlib\1.5.20\kotlin-stdlib-1.5.20.jar;P:\.m2\repository\org\jetbrains\annotations\13.0\annotations-13.0.jar;P:\.m2\repository\org\jetbrains\kotlin\kotlin-stdlib-common\1.5.20\kotlin-stdlib-common-1.5.20.jar;P:\.m2\repository\org\jetbrains\kotlin\kotlin-stdlib-jdk8\1.5.20\kotlin-stdlib-jdk8-1.5.20.jar;P:\.m2\repository\org\jetbrains\kotlin\kotlin-stdlib-jdk7\1.5.20\kotlin-stdlib-jdk7-1.5.20.jar;P:\.m2\repository\com\h2database\h2\1.4.200\h2-1.4.200.jar;P:\.m2\repository\org\postgresql\postgresql\42.2.22\postgresql-42.2.22.jar;P:\.m2\repository\org\checkerframework\checker-qual\3.5.0\checker-qual-3.5.0.jar;P:\.m2\repository\org\springframework\boot\spring-boot-starter-test\2.5.2\spring-boot-starter-test-2.5.2.jar;P:\.m2\repository\org\springframework\boot\spring-boot-test\2.5.2\spring-boot-test-2.5.2.jar;P:\.m2\repository\org\springframework\boot\spring-boot-test-autoconfigure\2.5.2\spring-boot-test-autoconfigure-2.5.2.jar;P:\.m2\repository\com\jayway\jsonpath\json-path\2.5.0\json-path-2.5.0.jar;P:\.m2\repository\net\minidev\json-smart\2.4.7\json-smart-2.4.7.jar;P:\.m2\repository\net\minidev\accessors-smart\2.4.7\accessors-smart-2.4.7.jar;P:\.m2\repository\org\ow2\asm\asm\9.1\asm-9.1.jar;P:\.m2\repository\jakarta\xml\bind\jakarta.xml.bind-api\2.3.3\jakarta.xml.bind-api-2.3.3.jar;P:\.m2\repository\jakarta\activation\jakarta.activation-api\1.2.2\jakarta.activation-api-1.2.2.jar;P:\.m2\repository\org\assertj\assertj-core\3.19.0\assertj-core-3.19.0.jar;P:\.m2\repository\org\hamcrest\hamcrest\2.2\hamcrest-2.2.jar;P:\.m2\repository\org\junit\jupiter\junit-jupiter\5.7.2\junit-jupiter-5.7.2.jar;P:\.m2\repository\org\junit\jupiter\junit-jupiter-api\5.7.2\junit-jupiter-api-5.7.2.jar;P:\.m2\repository\org\apiguardian\apiguardian-api\1.1.0\apiguardian-api-1.1.0.jar;P:\.m2\repository\org\opentest4j\opentest4j\1.2.0\opentest4j-1.2.0.jar;P:\.m2\repository\org\junit\platform\junit-platform-commons\1.7.2\junit-platform-commons-1.7.2.jar;P:\.m2\repository\org\junit\jupiter\junit-jupiter-params\5.7.2\junit-jupiter-params-5.7.2.jar;P:\.m2\repository\org\junit\jupiter\junit-jupiter-engine\5.7.2\junit-jupiter-engine-5.7.2.jar;P:\.m2\repository\org\junit\platform\junit-platform-engine\1.7.2\junit-platform-engine-1.7.2.jar;P:\.m2\repository\org\mockito\mockito-core\3.9.0\mockito-core-3.9.0.jar;P:\.m2\repository\net\bytebuddy\byte-buddy\1.10.22\byte-buddy-1.10.22.jar;P:\.m2\repository\net\bytebuddy\byte-buddy-agent\1.10.22\byte-buddy-agent-1.10.22.jar;P:\.m2\repository\org\objenesis\objenesis\3.2\objenesis-3.2.jar;P:\.m2\repository\org\mockito\mockito-junit-jupiter\3.9.0\mockito-junit-jupiter-3.9.0.jar;P:\.m2\repository\org\skyscreamer\jsonassert\1.5.0\jsonassert-1.5.0.jar;P:\.m2\repository\com\vaadin\external\google\android-json\0.0.20131108.vaadin1\android-json-0.0.20131108.vaadin1.jar;P:\.m2\repository\org\springframework\spring-core\5.3.8\spring-core-5.3.8.jar;P:\.m2\repository\org\springframework\spring-jcl\5.3.8\spring-jcl-5.3.8.jar;P:\.m2\repository\org\springframework\spring-test\5.3.8\spring-test-5.3.8.jar;P:\.m2\repository\org\xmlunit\xmlunit-core\2.8.2\xmlunit-core-2.8.2.jar;"/>
    <property name="java.vm.vendor" value="BellSoft"/>
    <property name="sun.arch.data.model" value="64"/>
    <property name="user.variant" value=""/>
    <property name="java.vendor.url" value="https://bell-sw.com/"/>
    <property name="user.timezone" value="Europe/Berlin"/>
    <property name="java.vm.specification.version" value="1.8"/>
    <property name="os.name" value="Windows 10"/>
    <property name="user.country" value="DE"/>
    <property name="sun.java.launcher" value="SUN_STANDARD"/>
    <property name="sun.boot.library.path" value="C:\Program Files\BellSoft\LibericaJDK-8-Full\jre\bin"/>
    <property name="sun.java.command" value="C:\Users\seppe\AppData\Local\Temp\surefire4983100010657725235\surefirebooter7666591204353581452.jar C:\Users\seppe\AppData\Local\Temp\surefire4983100010657725235 2021-07-07T09-40-37_211-jvmRun1 surefire2607233166186663498tmp surefire_07338130029341581846tmp"/>
    <property name="surefire.test.class.path" value="P:\Projects\Testing-Kotlin-with-Spring\Simple-REST-Server-App\target\test-classes;P:\Projects\Testing-Kotlin-with-Spring\Simple-REST-Server-App\target\classes;P:\.m2\repository\org\springframework\boot\spring-boot-starter-data-jdbc\2.5.2\spring-boot-starter-data-jdbc-2.5.2.jar;P:\.m2\repository\org\springframework\boot\spring-boot-starter-jdbc\2.5.2\spring-boot-starter-jdbc-2.5.2.jar;P:\.m2\repository\com\zaxxer\HikariCP\4.0.3\HikariCP-4.0.3.jar;P:\.m2\repository\org\springframework\spring-jdbc\5.3.8\spring-jdbc-5.3.8.jar;P:\.m2\repository\org\springframework\data\spring-data-jdbc\2.2.2\spring-data-jdbc-2.2.2.jar;P:\.m2\repository\org\springframework\data\spring-data-relational\2.2.2\spring-data-relational-2.2.2.jar;P:\.m2\repository\org\springframework\data\spring-data-commons\2.5.2\spring-data-commons-2.5.2.jar;P:\.m2\repository\org\springframework\spring-tx\5.3.8\spring-tx-5.3.8.jar;P:\.m2\repository\org\springframework\spring-context\5.3.8\spring-context-5.3.8.jar;P:\.m2\repository\org\springframework\spring-beans\5.3.8\spring-beans-5.3.8.jar;P:\.m2\repository\org\slf4j\slf4j-api\1.7.31\slf4j-api-1.7.31.jar;P:\.m2\repository\org\springframework\boot\spring-boot-starter-web\2.5.2\spring-boot-starter-web-2.5.2.jar;P:\.m2\repository\org\springframework\boot\spring-boot-starter\2.5.2\spring-boot-starter-2.5.2.jar;P:\.m2\repository\org\springframework\boot\spring-boot\2.5.2\spring-boot-2.5.2.jar;P:\.m2\repository\org\springframework\boot\spring-boot-autoconfigure\2.5.2\spring-boot-autoconfigure-2.5.2.jar;P:\.m2\repository\org\springframework\boot\spring-boot-starter-logging\2.5.2\spring-boot-starter-logging-2.5.2.jar;P:\.m2\repository\ch\qos\logback\logback-classic\1.2.3\logback-classic-1.2.3.jar;P:\.m2\repository\ch\qos\logback\logback-core\1.2.3\logback-core-1.2.3.jar;P:\.m2\repository\org\apache\logging\log4j\log4j-to-slf4j\2.14.1\log4j-to-slf4j-2.14.1.jar;P:\.m2\repository\org\apache\logging\log4j\log4j-api\2.14.1\log4j-api-2.14.1.jar;P:\.m2\repository\org\slf4j\jul-to-slf4j\1.7.31\jul-to-slf4j-1.7.31.jar;P:\.m2\repository\jakarta\annotation\jakarta.annotation-api\1.3.5\jakarta.annotation-api-1.3.5.jar;P:\.m2\repository\org\yaml\snakeyaml\1.28\snakeyaml-1.28.jar;P:\.m2\repository\org\springframework\boot\spring-boot-starter-json\2.5.2\spring-boot-starter-json-2.5.2.jar;P:\.m2\repository\com\fasterxml\jackson\datatype\jackson-datatype-jdk8\2.12.3\jackson-datatype-jdk8-2.12.3.jar;P:\.m2\repository\com\fasterxml\jackson\datatype\jackson-datatype-jsr310\2.12.3\jackson-datatype-jsr310-2.12.3.jar;P:\.m2\repository\com\fasterxml\jackson\module\jackson-module-parameter-names\2.12.3\jackson-module-parameter-names-2.12.3.jar;P:\.m2\repository\org\springframework\boot\spring-boot-starter-tomcat\2.5.2\spring-boot-starter-tomcat-2.5.2.jar;P:\.m2\repository\org\apache\tomcat\embed\tomcat-embed-core\9.0.48\tomcat-embed-core-9.0.48.jar;P:\.m2\repository\org\apache\tomcat\embed\tomcat-embed-el\9.0.48\tomcat-embed-el-9.0.48.jar;P:\.m2\repository\org\apache\tomcat\embed\tomcat-embed-websocket\9.0.48\tomcat-embed-websocket-9.0.48.jar;P:\.m2\repository\org\springframework\spring-web\5.3.8\spring-web-5.3.8.jar;P:\.m2\repository\org\springframework\spring-webmvc\5.3.8\spring-webmvc-5.3.8.jar;P:\.m2\repository\org\springframework\spring-aop\5.3.8\spring-aop-5.3.8.jar;P:\.m2\repository\org\springframework\spring-expression\5.3.8\spring-expression-5.3.8.jar;P:\.m2\repository\com\fasterxml\jackson\module\jackson-module-kotlin\2.12.3\jackson-module-kotlin-2.12.3.jar;P:\.m2\repository\com\fasterxml\jackson\core\jackson-databind\2.12.3\jackson-databind-2.12.3.jar;P:\.m2\repository\com\fasterxml\jackson\core\jackson-core\2.12.3\jackson-core-2.12.3.jar;P:\.m2\repository\com\fasterxml\jackson\core\jackson-annotations\2.12.3\jackson-annotations-2.12.3.jar;P:\.m2\repository\org\jetbrains\kotlin\kotlin-reflect\1.5.20\kotlin-reflect-1.5.20.jar;P:\.m2\repository\org\jetbrains\kotlin\kotlin-stdlib\1.5.20\kotlin-stdlib-1.5.20.jar;P:\.m2\repository\org\jetbrains\annotations\13.0\annotations-13.0.jar;P:\.m2\repository\org\jetbrains\kotlin\kotlin-stdlib-common\1.5.20\kotlin-stdlib-common-1.5.20.jar;P:\.m2\repository\org\jetbrains\kotlin\kotlin-stdlib-jdk8\1.5.20\kotlin-stdlib-jdk8-1.5.20.jar;P:\.m2\repository\org\jetbrains\kotlin\kotlin-stdlib-jdk7\1.5.20\kotlin-stdlib-jdk7-1.5.20.jar;P:\.m2\repository\com\h2database\h2\1.4.200\h2-1.4.200.jar;P:\.m2\repository\org\postgresql\postgresql\42.2.22\postgresql-42.2.22.jar;P:\.m2\repository\org\checkerframework\checker-qual\3.5.0\checker-qual-3.5.0.jar;P:\.m2\repository\org\springframework\boot\spring-boot-starter-test\2.5.2\spring-boot-starter-test-2.5.2.jar;P:\.m2\repository\org\springframework\boot\spring-boot-test\2.5.2\spring-boot-test-2.5.2.jar;P:\.m2\repository\org\springframework\boot\spring-boot-test-autoconfigure\2.5.2\spring-boot-test-autoconfigure-2.5.2.jar;P:\.m2\repository\com\jayway\jsonpath\json-path\2.5.0\json-path-2.5.0.jar;P:\.m2\repository\net\minidev\json-smart\2.4.7\json-smart-2.4.7.jar;P:\.m2\repository\net\minidev\accessors-smart\2.4.7\accessors-smart-2.4.7.jar;P:\.m2\repository\org\ow2\asm\asm\9.1\asm-9.1.jar;P:\.m2\repository\jakarta\xml\bind\jakarta.xml.bind-api\2.3.3\jakarta.xml.bind-api-2.3.3.jar;P:\.m2\repository\jakarta\activation\jakarta.activation-api\1.2.2\jakarta.activation-api-1.2.2.jar;P:\.m2\repository\org\assertj\assertj-core\3.19.0\assertj-core-3.19.0.jar;P:\.m2\repository\org\hamcrest\hamcrest\2.2\hamcrest-2.2.jar;P:\.m2\repository\org\junit\jupiter\junit-jupiter\5.7.2\junit-jupiter-5.7.2.jar;P:\.m2\repository\org\junit\jupiter\junit-jupiter-api\5.7.2\junit-jupiter-api-5.7.2.jar;P:\.m2\repository\org\apiguardian\apiguardian-api\1.1.0\apiguardian-api-1.1.0.jar;P:\.m2\repository\org\opentest4j\opentest4j\1.2.0\opentest4j-1.2.0.jar;P:\.m2\repository\org\junit\platform\junit-platform-commons\1.7.2\junit-platform-commons-1.7.2.jar;P:\.m2\repository\org\junit\jupiter\junit-jupiter-params\5.7.2\junit-jupiter-params-5.7.2.jar;P:\.m2\repository\org\junit\jupiter\junit-jupiter-engine\5.7.2\junit-jupiter-engine-5.7.2.jar;P:\.m2\repository\org\junit\platform\junit-platform-engine\1.7.2\junit-platform-engine-1.7.2.jar;P:\.m2\repository\org\mockito\mockito-core\3.9.0\mockito-core-3.9.0.jar;P:\.m2\repository\net\bytebuddy\byte-buddy\1.10.22\byte-buddy-1.10.22.jar;P:\.m2\repository\net\bytebuddy\byte-buddy-agent\1.10.22\byte-buddy-agent-1.10.22.jar;P:\.m2\repository\org\objenesis\objenesis\3.2\objenesis-3.2.jar;P:\.m2\repository\org\mockito\mockito-junit-jupiter\3.9.0\mockito-junit-jupiter-3.9.0.jar;P:\.m2\repository\org\skyscreamer\jsonassert\1.5.0\jsonassert-1.5.0.jar;P:\.m2\repository\com\vaadin\external\google\android-json\0.0.20131108.vaadin1\android-json-0.0.20131108.vaadin1.jar;P:\.m2\repository\org\springframework\spring-core\5.3.8\spring-core-5.3.8.jar;P:\.m2\repository\org\springframework\spring-jcl\5.3.8\spring-jcl-5.3.8.jar;P:\.m2\repository\org\springframework\spring-test\5.3.8\spring-test-5.3.8.jar;P:\.m2\repository\org\xmlunit\xmlunit-core\2.8.2\xmlunit-core-2.8.2.jar;"/>
    <property name="sun.cpu.endian" value="little"/>
    <property name="user.home" value="C:\Users\seppe"/>
    <property name="user.language" value="de"/>
    <property name="java.specification.vendor" value="Oracle Corporation"/>
    <property name="java.home" value="C:\Program Files\BellSoft\LibericaJDK-8-Full\jre"/>
    <property name="basedir" value="P:\Projects\Testing-Kotlin-with-Spring\Simple-REST-Server-App"/>
    <property name="file.separator" value="\"/>
    <property name="line.separator" value="&#10;"/>
    <property name="java.vm.specification.vendor" value="Oracle Corporation"/>
    <property name="java.specification.name" value="Java Platform API Specification"/>
    <property name="java.awt.graphicsenv" value="sun.awt.Win32GraphicsEnvironment"/>
    <property name="surefire.real.class.path" value="C:\Users\seppe\AppData\Local\Temp\surefire4983100010657725235\surefirebooter7666591204353581452.jar"/>
    <property name="sun.boot.class.path" value="C:\Program Files\BellSoft\LibericaJDK-8-Full\jre\lib\resources.jar;C:\Program Files\BellSoft\LibericaJDK-8-Full\jre\lib\rt.jar;C:\Program Files\BellSoft\LibericaJDK-8-Full\jre\lib\sunrsasign.jar;C:\Program Files\BellSoft\LibericaJDK-8-Full\jre\lib\jsse.jar;C:\Program Files\BellSoft\LibericaJDK-8-Full\jre\lib\jce.jar;C:\Program Files\BellSoft\LibericaJDK-8-Full\jre\lib\charsets.jar;C:\Program Files\BellSoft\LibericaJDK-8-Full\jre\lib\jfr.jar;C:\Program Files\BellSoft\LibericaJDK-8-Full\jre\classes"/>
    <property name="user.script" value=""/>
    <property name="sun.management.compiler" value="HotSpot 64-Bit Tiered Compilers"/>
    <property name="java.runtime.version" value="1.8.0_265-b01"/>
    <property name="user.name" value="seppe"/>
    <property name="path.separator" value=";"/>
    <property name="os.version" value="10.0"/>
    <property name="java.endorsed.dirs" value="C:\Program Files\BellSoft\LibericaJDK-8-Full\jre\lib\endorsed"/>
    <property name="java.runtime.name" value="OpenJDK Runtime Environment"/>
    <property name="file.encoding" value="UTF-8"/>
    <property name="java.vm.name" value="OpenJDK 64-Bit Server VM"/>
    <property name="localRepository" value="P:\.m2\repository"/>
    <property name="java.vendor.url.bug" value="https://bell-sw.com/support"/>
    <property name="java.io.tmpdir" value="C:\Users\seppe\AppData\Local\Temp\"/>
    <property name="idea.version" value="2021.1.2"/>
    <property name="java.version" value="1.8.0_265"/>
    <property name="user.dir" value="P:\Projects\Testing-Kotlin-with-Spring\Simple-REST-Server-App"/>
    <property name="os.arch" value="amd64"/>
    <property name="java.vm.specification.name" value="Java Virtual Machine Specification"/>
    <property name="java.awt.printerjob" value="sun.awt.windows.WPrinterJob"/>
    <property name="sun.os.patch.level" value=""/>
    <property name="java.library.path" value="C:\Program Files\BellSoft\LibericaJDK-8-Full\jre\bin;C:\WINDOWS\Sun\Java\bin;C:\WINDOWS\system32;C:\WINDOWS;C:\Program Files\BellSoft\LibericaJDK-8-Full\bin\;C:\WINDOWS\system32;C:\WINDOWS;C:\WINDOWS\System32\Wbem;C:\WINDOWS\System32\WindowsPowerShell\v1.0\;C:\WINDOWS\System32\OpenSSH\;C:\Program Files\Intel\WiFi\bin\;C:\Program Files\Common Files\Intel\WirelessCommon\;C:\Program Files\PowerShell\7\;C:\Program Files\Git\cmd;C:\Program Files\Docker\Docker\resources\bin;C:\ProgramData\DockerDesktop\version-bin;C:\Users\seppe\AppData\Local\Microsoft\WindowsApps;C:\Users\seppe\opt\maven\bin;C:\Users\seppe\AppData\Local\gitkraken\bin;C:\Users\seppe\AppData\Local\Microsoft\WindowsApps;;S:\IntelliJ IDEA 2021.1.1\bin;;."/>
    <property name="java.vm.info" value="mixed mode"/>
    <property name="java.vendor" value="BellSoft"/>
    <property name="java.vm.version" value="25.265-b01"/>
    <property name="java.ext.dirs" value="C:\Program Files\BellSoft\LibericaJDK-8-Full\jre\lib\ext;C:\WINDOWS\Sun\Java\lib\ext"/>
    <property name="sun.io.unicode.encoding" value="UnicodeLittle"/>
    <property name="maven.repo.local" value="P:\.m2\repository"/>
    <property name="java.class.version" value="52.0"/>
  </properties>
  <testcase name="contextLoads" classname="de.lkrnrw.testingkotlinwithspring.MyAppTest" time="0.395"/>
</testsuite>